2023-09-19 00:18:03 -Skipping MapperFactoryBean with name 'bizArticleMapper' and 'com.zyd.blog.persistence.mapper.BizArticleMapper' mapperInterface. Bean already defined with the same name!
2023-09-19 00:18:03 -No MyBatis mapper was found in '[com.zyd.blog]' package. Please check your configuration.
2023-09-19 00:18:04 -current oneblog version：v2.3.4
2023-09-19 00:18:07 -博客部署完成，博客访问地址：http://localhost:8443
2023-09-19 00:18:47 -current oneblog version：v2.3.4
2023-09-19 00:18:50 -博客部署完成，博客访问地址：http://localhost:8085
2023-09-19 00:23:44 -Skipping MapperFactoryBean with name 'bizArticleMapper' and 'com.zyd.blog.persistence.mapper.BizArticleMapper' mapperInterface. Bean already defined with the same name!
2023-09-19 00:23:44 -No MyBatis mapper was found in '[com.zyd.blog]' package. Please check your configuration.
2023-09-19 00:23:45 -current oneblog version：v2.3.4
2023-09-19 00:23:49 -博客部署完成，博客访问地址：http://localhost:8443
2023-09-19 00:24:22 -current oneblog version：v2.3.4
2023-09-19 00:24:25 -博客部署完成，博客访问地址：http://localhost:8085
2023-09-19 00:25:12 -获取地址失败
java.lang.NullPointerException: null
	at com.zyd.blog.business.service.impl.BizCommentServiceImpl.setCurrentLocation(BizCommentServiceImpl.java:287)
	at com.zyd.blog.business.service.impl.BizCommentServiceImpl.comment(BizCommentServiceImpl.java:188)
	at com.zyd.blog.business.service.impl.BizCommentServiceImpl.commentForAdmin(BizCommentServiceImpl.java:137)
	at com.zyd.blog.business.service.impl.BizCommentServiceImpl$$FastClassBySpringCGLIB$$6290b72c.invoke(<generated>)
	at org.springframework.cglib.proxy.MethodProxy.invoke(MethodProxy.java:218)
	at org.springframework.aop.framework.CglibAopProxy$CglibMethodInvocation.invokeJoinpoint(CglibAopProxy.java:771)
	at org.springframework.aop.framework.ReflectiveMethodInvocation.proceed(ReflectiveMethodInvocation.java:163)
	at org.springframework.aop.framework.CglibAopProxy$CglibMethodInvocation.proceed(CglibAopProxy.java:749)
	at org.springframework.aop.aspectj.MethodInvocationProceedingJoinPoint.proceed(MethodInvocationProceedingJoinPoint.java:88)
	at com.zyd.blog.business.aspect.RedisCacheAspect.handle(RedisCacheAspect.java:45)
	at sun.reflect.NativeMethodAccessorImpl.invoke0(Native Method)
	at sun.reflect.NativeMethodAccessorImpl.invoke(NativeMethodAccessorImpl.java:62)
	at sun.reflect.DelegatingMethodAccessorImpl.invoke(DelegatingMethodAccessorImpl.java:43)
	at java.lang.reflect.Method.invoke(Method.java:498)
	at org.springframework.aop.aspectj.AbstractAspectJAdvice.invokeAdviceMethodWithGivenArgs(AbstractAspectJAdvice.java:644)
	at org.springframework.aop.aspectj.AbstractAspectJAdvice.invokeAdviceMethod(AbstractAspectJAdvice.java:633)
	at org.springframework.aop.aspectj.AspectJAroundAdvice.invoke(AspectJAroundAdvice.java:70)
	at org.springframework.aop.framework.ReflectiveMethodInvocation.proceed(ReflectiveMethodInvocation.java:175)
	at org.springframework.aop.framework.CglibAopProxy$CglibMethodInvocation.proceed(CglibAopProxy.java:749)
	at org.springframework.aop.interceptor.ExposeInvocationInterceptor.invoke(ExposeInvocationInterceptor.java:95)
	at org.springframework.aop.framework.ReflectiveMethodInvocation.proceed(ReflectiveMethodInvocation.java:186)
	at org.springframework.aop.framework.CglibAopProxy$CglibMethodInvocation.proceed(CglibAopProxy.java:749)
	at org.springframework.aop.framework.CglibAopProxy$DynamicAdvisedInterceptor.intercept(CglibAopProxy.java:691)
	at com.zyd.blog.business.service.impl.BizCommentServiceImpl$$EnhancerBySpringCGLIB$$eaf02687.commentForAdmin(<generated>)
	at com.zyd.blog.business.service.impl.BizCommentServiceImpl$$FastClassBySpringCGLIB$$6290b72c.invoke(<generated>)
	at org.springframework.cglib.proxy.MethodProxy.invoke(MethodProxy.java:218)
	at org.springframework.aop.framework.CglibAopProxy$DynamicAdvisedInterceptor.intercept(CglibAopProxy.java:687)
	at com.zyd.blog.business.service.impl.BizCommentServiceImpl$$EnhancerBySpringCGLIB$$79146143.commentForAdmin(<generated>)
	at com.zyd.blog.controller.RestCommentController.audit(RestCommentController.java:102)
	at com.zyd.blog.controller.RestCommentController$$FastClassBySpringCGLIB$$8c652b6b.invoke(<generated>)
	at org.springframework.cglib.proxy.MethodProxy.invoke(MethodProxy.java:218)
	at org.springframework.aop.framework.CglibAopProxy$CglibMethodInvocation.invokeJoinpoint(CglibAopProxy.java:771)
	at org.springframework.aop.framework.ReflectiveMethodInvocation.proceed(ReflectiveMethodInvocation.java:163)
	at org.springframework.aop.framework.CglibAopProxy$CglibMethodInvocation.proceed(CglibAopProxy.java:749)
	at org.springframework.aop.aspectj.MethodInvocationProceedingJoinPoint.proceed(MethodInvocationProceedingJoinPoint.java:88)
	at com.zyd.blog.business.aspect.BussinessLogAspect.writeLog(BussinessLogAspect.java:45)
	at sun.reflect.NativeMethodAccessorImpl.invoke0(Native Method)
	at sun.reflect.NativeMethodAccessorImpl.invoke(NativeMethodAccessorImpl.java:62)
	at sun.reflect.DelegatingMethodAccessorImpl.invoke(DelegatingMethodAccessorImpl.java:43)
	at java.lang.reflect.Method.invoke(Method.java:498)
	at org.springframework.aop.aspectj.AbstractAspectJAdvice.invokeAdviceMethodWithGivenArgs(AbstractAspectJAdvice.java:644)
	at org.springframework.aop.aspectj.AbstractAspectJAdvice.invokeAdviceMethod(AbstractAspectJAdvice.java:633)
	at org.springframework.aop.aspectj.AspectJAroundAdvice.invoke(AspectJAroundAdvice.java:70)
	at org.springframework.aop.framework.ReflectiveMethodInvocation.proceed(ReflectiveMethodInvocation.java:175)
	at org.springframework.aop.framework.CglibAopProxy$CglibMethodInvocation.proceed(CglibAopProxy.java:749)
	at org.apache.shiro.spring.security.interceptor.AopAllianceAnnotationsAuthorizingMethodInterceptor$1.proceed(AopAllianceAnnotationsAuthorizingMethodInterceptor.java:82)
	at org.apache.shiro.authz.aop.AuthorizingMethodInterceptor.invoke(AuthorizingMethodInterceptor.java:39)
	at org.apache.shiro.spring.security.interceptor.AopAllianceAnnotationsAuthorizingMethodInterceptor.invoke(AopAllianceAnnotationsAuthorizingMethodInterceptor.java:115)
	at org.springframework.aop.framework.ReflectiveMethodInvocation.proceed(ReflectiveMethodInvocation.java:186)
	at org.springframework.aop.framework.CglibAopProxy$CglibMethodInvocation.proceed(CglibAopProxy.java:749)
	at org.springframework.aop.interceptor.ExposeInvocationInterceptor.invoke(ExposeInvocationInterceptor.java:95)
	at org.springframework.aop.framework.ReflectiveMethodInvocation.proceed(ReflectiveMethodInvocation.java:186)
	at org.springframework.aop.framework.CglibAopProxy$CglibMethodInvocation.proceed(CglibAopProxy.java:749)
	at org.springframework.aop.framework.CglibAopProxy$DynamicAdvisedInterceptor.intercept(CglibAopProxy.java:691)
	at com.zyd.blog.controller.RestCommentController$$EnhancerBySpringCGLIB$$5cf43e06.audit(<generated>)
	at com.zyd.blog.controller.RestCommentController$$FastClassBySpringCGLIB$$8c652b6b.invoke(<generated>)
	at org.springframework.cglib.proxy.MethodProxy.invoke(MethodProxy.java:218)
	at org.springframework.aop.framework.CglibAopProxy$CglibMethodInvocation.invokeJoinpoint(CglibAopProxy.java:771)
	at org.springframework.aop.framework.ReflectiveMethodInvocation.proceed(ReflectiveMethodInvocation.java:163)
	at org.springframework.aop.framework.CglibAopProxy$CglibMethodInvocation.proceed(CglibAopProxy.java:749)
	at org.apache.shiro.spring.security.interceptor.AopAllianceAnnotationsAuthorizingMethodInterceptor$1.proceed(AopAllianceAnnotationsAuthorizingMethodInterceptor.java:82)
	at org.apache.shiro.authz.aop.AuthorizingMethodInterceptor.invoke(AuthorizingMethodInterceptor.java:39)
	at org.apache.shiro.spring.security.interceptor.AopAllianceAnnotationsAuthorizingMethodInterceptor.invoke(AopAllianceAnnotationsAuthorizingMethodInterceptor.java:115)
	at org.springframework.aop.framework.ReflectiveMethodInvocation.proceed(ReflectiveMethodInvocation.java:186)
	at org.springframework.aop.framework.CglibAopProxy$CglibMethodInvocation.proceed(CglibAopProxy.java:749)
	at org.springframework.aop.framework.CglibAopProxy$DynamicAdvisedInterceptor.intercept(CglibAopProxy.java:691)
	at com.zyd.blog.controller.RestCommentController$$EnhancerBySpringCGLIB$$56c70cd4.audit(<generated>)
	at sun.reflect.NativeMethodAccessorImpl.invoke0(Native Method)
	at sun.reflect.NativeMethodAccessorImpl.invoke(NativeMethodAccessorImpl.java:62)
	at sun.reflect.DelegatingMethodAccessorImpl.invoke(DelegatingMethodAccessorImpl.java:43)
	at java.lang.reflect.Method.invoke(Method.java:498)
	at org.springframework.web.method.support.InvocableHandlerMethod.doInvoke(InvocableHandlerMethod.java:190)
	at org.springframework.web.method.support.InvocableHandlerMethod.invokeForRequest(InvocableHandlerMethod.java:138)
	at org.springframework.web.servlet.mvc.method.annotation.ServletInvocableHandlerMethod.invokeAndHandle(ServletInvocableHandlerMethod.java:105)
	at org.springframework.web.servlet.mvc.method.annotation.RequestMappingHandlerAdapter.invokeHandlerMethod(RequestMappingHandlerAdapter.java:878)
	at org.springframework.web.servlet.mvc.method.annotation.RequestMappingHandlerAdapter.handleInternal(RequestMappingHandlerAdapter.java:792)
	at org.springframework.web.servlet.mvc.method.AbstractHandlerMethodAdapter.handle(AbstractHandlerMethodAdapter.java:87)
	at org.springframework.web.servlet.DispatcherServlet.doDispatch(DispatcherServlet.java:1040)
	at org.springframework.web.servlet.DispatcherServlet.doService(DispatcherServlet.java:943)
	at org.springframework.web.servlet.FrameworkServlet.processRequest(FrameworkServlet.java:1006)
	at org.springframework.web.servlet.FrameworkServlet.doPost(FrameworkServlet.java:909)
	at javax.servlet.http.HttpServlet.service(HttpServlet.java:665)
	at org.springframework.web.servlet.FrameworkServlet.service(FrameworkServlet.java:883)
	at javax.servlet.http.HttpServlet.service(HttpServlet.java:750)
	at org.apache.catalina.core.ApplicationFilterChain.internalDoFilter(ApplicationFilterChain.java:231)
	at org.apache.catalina.core.ApplicationFilterChain.doFilter(ApplicationFilterChain.java:166)
	at org.apache.tomcat.websocket.server.WsFilter.doFilter(WsFilter.java:53)
	at org.apache.catalina.core.ApplicationFilterChain.internalDoFilter(ApplicationFilterChain.java:193)
	at org.apache.catalina.core.ApplicationFilterChain.doFilter(ApplicationFilterChain.java:166)
	at org.apache.shiro.web.servlet.ProxiedFilterChain.doFilter(ProxiedFilterChain.java:61)
	at org.apache.shiro.web.servlet.AdviceFilter.executeChain(AdviceFilter.java:108)
	at org.apache.shiro.web.servlet.AdviceFilter.doFilterInternal(AdviceFilter.java:137)
	at org.apache.shiro.web.servlet.OncePerRequestFilter.doFilter(OncePerRequestFilter.java:125)
	at org.apache.shiro.web.servlet.ProxiedFilterChain.doFilter(ProxiedFilterChain.java:66)
	at org.apache.shiro.web.servlet.AdviceFilter.executeChain(AdviceFilter.java:108)
	at org.apache.shiro.web.servlet.AdviceFilter.doFilterInternal(AdviceFilter.java:137)
	at org.apache.shiro.web.servlet.OncePerRequestFilter.doFilter(OncePerRequestFilter.java:125)
	at org.apache.shiro.web.servlet.ProxiedFilterChain.doFilter(ProxiedFilterChain.java:66)
	at org.apache.shiro.web.servlet.AbstractShiroFilter.executeChain(AbstractShiroFilter.java:450)
	at org.apache.shiro.web.servlet.AbstractShiroFilter$1.call(AbstractShiroFilter.java:365)
	at org.apache.shiro.subject.support.SubjectCallable.doCall(SubjectCallable.java:90)
	at org.apache.shiro.subject.support.SubjectCallable.call(SubjectCallable.java:83)
	at org.apache.shiro.subject.support.DelegatingSubject.execute(DelegatingSubject.java:387)
	at org.apache.shiro.web.servlet.AbstractShiroFilter.doFilterInternal(AbstractShiroFilter.java:362)
	at org.apache.shiro.web.servlet.OncePerRequestFilter.doFilter(OncePerRequestFilter.java:125)
	at org.apache.catalina.core.ApplicationFilterChain.internalDoFilter(ApplicationFilterChain.java:193)
	at org.apache.catalina.core.ApplicationFilterChain.doFilter(ApplicationFilterChain.java:166)
	at org.springframework.web.servlet.resource.ResourceUrlEncodingFilter.doFilter(ResourceUrlEncodingFilter.java:65)
	at org.apache.catalina.core.ApplicationFilterChain.internalDoFilter(ApplicationFilterChain.java:193)
	at org.apache.catalina.core.ApplicationFilterChain.doFilter(ApplicationFilterChain.java:166)
	at org.springframework.web.filter.RequestContextFilter.doFilterInternal(RequestContextFilter.java:100)
	at org.springframework.web.filter.OncePerRequestFilter.doFilter(OncePerRequestFilter.java:119)
	at org.apache.catalina.core.ApplicationFilterChain.internalDoFilter(ApplicationFilterChain.java:193)
	at org.apache.catalina.core.ApplicationFilterChain.doFilter(ApplicationFilterChain.java:166)
	at org.springframework.web.filter.FormContentFilter.doFilterInternal(FormContentFilter.java:93)
	at org.springframework.web.filter.OncePerRequestFilter.doFilter(OncePerRequestFilter.java:119)
	at org.apache.catalina.core.ApplicationFilterChain.internalDoFilter(ApplicationFilterChain.java:193)
	at org.apache.catalina.core.ApplicationFilterChain.doFilter(ApplicationFilterChain.java:166)
	at org.springframework.web.filter.CharacterEncodingFilter.doFilterInternal(CharacterEncodingFilter.java:201)
	at org.springframework.web.filter.OncePerRequestFilter.doFilter(OncePerRequestFilter.java:119)
	at org.apache.catalina.core.ApplicationFilterChain.internalDoFilter(ApplicationFilterChain.java:193)
	at org.apache.catalina.core.ApplicationFilterChain.doFilter(ApplicationFilterChain.java:166)
	at org.apache.catalina.core.StandardWrapperValve.invoke(StandardWrapperValve.java:202)
	at org.apache.catalina.core.StandardContextValve.invoke(StandardContextValve.java:97)
	at org.apache.catalina.authenticator.AuthenticatorBase.invoke(AuthenticatorBase.java:541)
	at org.apache.catalina.core.StandardHostValve.invoke(StandardHostValve.java:143)
	at org.apache.catalina.valves.ErrorReportValve.invoke(ErrorReportValve.java:92)
	at org.apache.catalina.core.StandardEngineValve.invoke(StandardEngineValve.java:78)
	at org.apache.catalina.valves.RemoteIpValve.invoke(RemoteIpValve.java:747)
	at org.apache.catalina.valves.RemoteIpValve.invoke(RemoteIpValve.java:747)
	at org.apache.catalina.connector.CoyoteAdapter.service(CoyoteAdapter.java:343)
	at org.apache.coyote.http11.Http11Processor.service(Http11Processor.java:374)
	at org.apache.coyote.AbstractProcessorLight.process(AbstractProcessorLight.java:65)
	at org.apache.coyote.AbstractProtocol$ConnectionHandler.process(AbstractProtocol.java:868)
	at org.apache.tomcat.util.net.NioEndpoint$SocketProcessor.doRun(NioEndpoint.java:1590)
	at org.apache.tomcat.util.net.SocketProcessorBase.run(SocketProcessorBase.java:49)
	at java.util.concurrent.ThreadPoolExecutor.runWorker(ThreadPoolExecutor.java:1149)
	at java.util.concurrent.ThreadPoolExecutor$Worker.run(ThreadPoolExecutor.java:624)
	at org.apache.tomcat.util.threads.TaskThread$WrappingRunnable.run(TaskThread.java:61)
	at java.lang.Thread.run(Thread.java:750)
2023-09-19 00:25:19 -Unexpected exception occurred invoking async method: public void com.zyd.blog.business.service.impl.MailServiceImpl.send(com.zyd.blog.business.entity.Comment,com.zyd.blog.business.enums.TemplateKeyEnum,boolean)
org.springframework.mail.MailSendException: Mail server connection failed; nested exception is javax.mail.MessagingException: Unknown SMTP host: x;
  nested exception is:
	java.net.UnknownHostException: x. Failed messages: javax.mail.MessagingException: Unknown SMTP host: x;
  nested exception is:
	java.net.UnknownHostException: x
	at org.springframework.mail.javamail.JavaMailSenderImpl.doSend(JavaMailSenderImpl.java:448)
	at org.springframework.mail.javamail.JavaMailSenderImpl.send(JavaMailSenderImpl.java:361)
	at org.springframework.mail.javamail.JavaMailSenderImpl.send(JavaMailSenderImpl.java:356)
	at com.zyd.blog.business.service.impl.MailServiceImpl.sendMessage(MailServiceImpl.java:191)
	at com.zyd.blog.business.service.impl.MailServiceImpl.send(MailServiceImpl.java:62)
	at com.zyd.blog.business.service.impl.MailServiceImpl.sendToAdmin(MailServiceImpl.java:169)
	at com.zyd.blog.business.service.impl.MailServiceImpl.send(MailServiceImpl.java:102)
	at sun.reflect.NativeMethodAccessorImpl.invoke0(Native Method)
	at sun.reflect.NativeMethodAccessorImpl.invoke(NativeMethodAccessorImpl.java:62)
	at sun.reflect.DelegatingMethodAccessorImpl.invoke(DelegatingMethodAccessorImpl.java:43)
	at java.lang.reflect.Method.invoke(Method.java:498)
	at org.springframework.aop.support.AopUtils.invokeJoinpointUsingReflection(AopUtils.java:344)
	at org.springframework.aop.framework.ReflectiveMethodInvocation.invokeJoinpoint(ReflectiveMethodInvocation.java:198)
	at org.springframework.aop.framework.ReflectiveMethodInvocation.proceed(ReflectiveMethodInvocation.java:163)
	at org.springframework.aop.interceptor.AsyncExecutionInterceptor.lambda$invoke$0(AsyncExecutionInterceptor.java:115)
	at org.springframework.scheduling.concurrent.ThreadPoolTaskScheduler$DelegatingErrorHandlingCallable.call(ThreadPoolTaskScheduler.java:399)
	at java.util.concurrent.FutureTask.run(FutureTask.java:266)
	at java.util.concurrent.ScheduledThreadPoolExecutor$ScheduledFutureTask.access$201(ScheduledThreadPoolExecutor.java:180)
	at java.util.concurrent.ScheduledThreadPoolExecutor$ScheduledFutureTask.run(ScheduledThreadPoolExecutor.java:293)
	at java.util.concurrent.ThreadPoolExecutor.runWorker(ThreadPoolExecutor.java:1149)
	at java.util.concurrent.ThreadPoolExecutor$Worker.run(ThreadPoolExecutor.java:624)
	at java.lang.Thread.run(Thread.java:750)
Caused by: javax.mail.MessagingException: Unknown SMTP host: x
	at com.sun.mail.smtp.SMTPTransport.openServer(SMTPTransport.java:1970)
	at com.sun.mail.smtp.SMTPTransport.protocolConnect(SMTPTransport.java:642)
	at javax.mail.Service.connect(Service.java:295)
	at org.springframework.mail.javamail.JavaMailSenderImpl.connectTransport(JavaMailSenderImpl.java:518)
	at org.springframework.mail.javamail.JavaMailSenderImpl.doSend(JavaMailSenderImpl.java:437)
	... 21 common frames omitted
Caused by: java.net.UnknownHostException: x
	at java.net.AbstractPlainSocketImpl.connect(AbstractPlainSocketImpl.java:196)
	at java.net.PlainSocketImpl.connect(PlainSocketImpl.java:162)
	at java.net.SocksSocketImpl.connect(SocksSocketImpl.java:394)
	at java.net.Socket.connect(Socket.java:606)
	at com.sun.mail.util.SocketFetcher.createSocket(SocketFetcher.java:317)
	at com.sun.mail.util.SocketFetcher.getSocket(SocketFetcher.java:233)
	at com.sun.mail.smtp.SMTPTransport.openServer(SMTPTransport.java:1938)
	... 25 common frames omitted
2023-09-19 00:36:54 -current oneblog version：v2.3.4
2023-09-19 00:36:57 -博客部署完成，博客访问地址：http://localhost:8000
2023-09-19 01:00:17 -Skipping MapperFactoryBean with name 'bizArticleMapper' and 'com.zyd.blog.persistence.mapper.BizArticleMapper' mapperInterface. Bean already defined with the same name!
2023-09-19 01:00:17 -No MyBatis mapper was found in '[com.zyd.blog]' package. Please check your configuration.
2023-09-19 01:00:19 -current oneblog version：v2.3.4
2023-09-19 01:00:26 -博客部署完成，博客访问地址：http://localhost:8443
2023-09-19 01:00:37 -current oneblog version：v2.3.4
2023-09-19 01:00:43 -博客部署完成，博客访问地址：http://localhost:8000
2023-09-19 01:00:48 -Error executing FreeMarker template
freemarker.core._MiscTemplateException: Template inclusion failed (for parameter value "/layout/setting.ftl"):
Syntax error in template "layout/setting.ftl" in line 22, column 25:
Expecting </@> or </@shiro.user>

----
FTL stack trace ("~" means nesting-related):
	- Failed at: #include "/layout/setting.ftl"  [in template "include/macros.ftl" in macro "header" at line 61, column 9]
	- Reached through: @header  [in template "index.ftl" at line 2, column 1]
----
	at freemarker.core.Include.accept(Include.java:164)
	at freemarker.core.Environment.visit(Environment.java:334)
	at freemarker.core.Environment.visit(Environment.java:376)
	at freemarker.core.Environment.invokeMacroOrFunctionCommonPart(Environment.java:876)
	at freemarker.core.Environment.invokeMacro(Environment.java:812)
	at freemarker.core.UnifiedCall.accept(UnifiedCall.java:84)
	at freemarker.core.Environment.visit(Environment.java:334)
	at freemarker.core.Environment.visit(Environment.java:340)
	at freemarker.core.Environment.process(Environment.java:313)
	at freemarker.template.Template.process(Template.java:383)
	at org.springframework.web.servlet.view.freemarker.FreeMarkerView.processTemplate(FreeMarkerView.java:391)
	at org.springframework.web.servlet.view.freemarker.FreeMarkerView.doRender(FreeMarkerView.java:304)
	at org.springframework.web.servlet.view.freemarker.FreeMarkerView.renderMergedTemplateModel(FreeMarkerView.java:255)
	at org.springframework.web.servlet.view.AbstractTemplateView.renderMergedOutputModel(AbstractTemplateView.java:179)
	at org.springframework.web.servlet.view.AbstractView.render(AbstractView.java:316)
	at org.springframework.web.servlet.DispatcherServlet.render(DispatcherServlet.java:1373)
	at org.springframework.web.servlet.DispatcherServlet.processDispatchResult(DispatcherServlet.java:1118)
	at org.springframework.web.servlet.DispatcherServlet.doDispatch(DispatcherServlet.java:1057)
	at org.springframework.web.servlet.DispatcherServlet.doService(DispatcherServlet.java:943)
	at org.springframework.web.servlet.FrameworkServlet.processRequest(FrameworkServlet.java:1006)
	at org.springframework.web.servlet.FrameworkServlet.doGet(FrameworkServlet.java:898)
	at javax.servlet.http.HttpServlet.service(HttpServlet.java:645)
	at org.springframework.web.servlet.FrameworkServlet.service(FrameworkServlet.java:883)
	at javax.servlet.http.HttpServlet.service(HttpServlet.java:750)
	at org.apache.catalina.core.ApplicationFilterChain.internalDoFilter(ApplicationFilterChain.java:231)
	at org.apache.catalina.core.ApplicationFilterChain.doFilter(ApplicationFilterChain.java:166)
	at org.apache.tomcat.websocket.server.WsFilter.doFilter(WsFilter.java:53)
	at org.apache.catalina.core.ApplicationFilterChain.internalDoFilter(ApplicationFilterChain.java:193)
	at org.apache.catalina.core.ApplicationFilterChain.doFilter(ApplicationFilterChain.java:166)
	at org.apache.shiro.web.servlet.ProxiedFilterChain.doFilter(ProxiedFilterChain.java:61)
	at org.apache.shiro.web.servlet.AdviceFilter.executeChain(AdviceFilter.java:108)
	at org.apache.shiro.web.servlet.AdviceFilter.doFilterInternal(AdviceFilter.java:137)
	at org.apache.shiro.web.servlet.OncePerRequestFilter.doFilter(OncePerRequestFilter.java:125)
	at org.apache.shiro.web.servlet.ProxiedFilterChain.doFilter(ProxiedFilterChain.java:66)
	at org.apache.shiro.web.servlet.AdviceFilter.executeChain(AdviceFilter.java:108)
	at org.apache.shiro.web.servlet.AdviceFilter.doFilterInternal(AdviceFilter.java:137)
	at org.apache.shiro.web.servlet.OncePerRequestFilter.doFilter(OncePerRequestFilter.java:125)
	at org.apache.shiro.web.servlet.ProxiedFilterChain.doFilter(ProxiedFilterChain.java:66)
	at org.apache.shiro.web.servlet.AbstractShiroFilter.executeChain(AbstractShiroFilter.java:450)
	at org.apache.shiro.web.servlet.AbstractShiroFilter$1.call(AbstractShiroFilter.java:365)
	at org.apache.shiro.subject.support.SubjectCallable.doCall(SubjectCallable.java:90)
	at org.apache.shiro.subject.support.SubjectCallable.call(SubjectCallable.java:83)
	at org.apache.shiro.subject.support.DelegatingSubject.execute(DelegatingSubject.java:387)
	at org.apache.shiro.web.servlet.AbstractShiroFilter.doFilterInternal(AbstractShiroFilter.java:362)
	at org.apache.shiro.web.servlet.OncePerRequestFilter.doFilter(OncePerRequestFilter.java:125)
	at org.apache.catalina.core.ApplicationFilterChain.internalDoFilter(ApplicationFilterChain.java:193)
	at org.apache.catalina.core.ApplicationFilterChain.doFilter(ApplicationFilterChain.java:166)
	at org.springframework.web.servlet.resource.ResourceUrlEncodingFilter.doFilter(ResourceUrlEncodingFilter.java:65)
	at org.apache.catalina.core.ApplicationFilterChain.internalDoFilter(ApplicationFilterChain.java:193)
	at org.apache.catalina.core.ApplicationFilterChain.doFilter(ApplicationFilterChain.java:166)
	at org.springframework.web.filter.RequestContextFilter.doFilterInternal(RequestContextFilter.java:100)
	at org.springframework.web.filter.OncePerRequestFilter.doFilter(OncePerRequestFilter.java:119)
	at org.apache.catalina.core.ApplicationFilterChain.internalDoFilter(ApplicationFilterChain.java:193)
	at org.apache.catalina.core.ApplicationFilterChain.doFilter(ApplicationFilterChain.java:166)
	at org.springframework.web.filter.FormContentFilter.doFilterInternal(FormContentFilter.java:93)
	at org.springframework.web.filter.OncePerRequestFilter.doFilter(OncePerRequestFilter.java:119)
	at org.apache.catalina.core.ApplicationFilterChain.internalDoFilter(ApplicationFilterChain.java:193)
	at org.apache.catalina.core.ApplicationFilterChain.doFilter(ApplicationFilterChain.java:166)
	at org.springframework.web.filter.CharacterEncodingFilter.doFilterInternal(CharacterEncodingFilter.java:201)
	at org.springframework.web.filter.OncePerRequestFilter.doFilter(OncePerRequestFilter.java:119)
	at org.apache.catalina.core.ApplicationFilterChain.internalDoFilter(ApplicationFilterChain.java:193)
	at org.apache.catalina.core.ApplicationFilterChain.doFilter(ApplicationFilterChain.java:166)
	at org.apache.catalina.core.StandardWrapperValve.invoke(StandardWrapperValve.java:202)
	at org.apache.catalina.core.StandardContextValve.invoke(StandardContextValve.java:97)
	at org.apache.catalina.authenticator.AuthenticatorBase.invoke(AuthenticatorBase.java:541)
	at org.apache.catalina.core.StandardHostValve.invoke(StandardHostValve.java:143)
	at org.apache.catalina.valves.ErrorReportValve.invoke(ErrorReportValve.java:92)
	at org.apache.catalina.core.StandardEngineValve.invoke(StandardEngineValve.java:78)
	at org.apache.catalina.valves.RemoteIpValve.invoke(RemoteIpValve.java:747)
	at org.apache.catalina.valves.RemoteIpValve.invoke(RemoteIpValve.java:747)
	at org.apache.catalina.connector.CoyoteAdapter.service(CoyoteAdapter.java:343)
	at org.apache.coyote.http11.Http11Processor.service(Http11Processor.java:374)
	at org.apache.coyote.AbstractProcessorLight.process(AbstractProcessorLight.java:65)
	at org.apache.coyote.AbstractProtocol$ConnectionHandler.process(AbstractProtocol.java:868)
	at org.apache.tomcat.util.net.NioEndpoint$SocketProcessor.doRun(NioEndpoint.java:1590)
	at org.apache.tomcat.util.net.SocketProcessorBase.run(SocketProcessorBase.java:49)
	at java.util.concurrent.ThreadPoolExecutor.runWorker(ThreadPoolExecutor.java:1149)
	at java.util.concurrent.ThreadPoolExecutor$Worker.run(ThreadPoolExecutor.java:624)
	at org.apache.tomcat.util.threads.TaskThread$WrappingRunnable.run(TaskThread.java:61)
	at java.lang.Thread.run(Thread.java:750)
Caused by: freemarker.core.ParseException: Syntax error in template "layout/setting.ftl" in line 22, column 25:
Expecting </@> or </@shiro.user>
	at freemarker.core.FMParser.UnifiedMacroTransform(FMParser.java:3022)
	at freemarker.core.FMParser.FreemarkerDirective(FMParser.java:3664)
	at freemarker.core.FMParser.MixedContentElements(FMParser.java:4019)
	at freemarker.core.FMParser.Root(FMParser.java:4665)
	at freemarker.template.Template.<init>(Template.java:252)
	at freemarker.cache.TemplateCache.loadTemplate(TemplateCache.java:548)
	at freemarker.cache.TemplateCache.getTemplateInternal(TemplateCache.java:439)
	at freemarker.cache.TemplateCache.getTemplate(TemplateCache.java:292)
	at freemarker.template.Configuration.getTemplate(Configuration.java:2822)
	at freemarker.core.Environment.getTemplateForInclusion(Environment.java:2883)
	at freemarker.core.Include.accept(Include.java:162)
	... 79 common frames omitted
2023-09-19 01:00:48 -Servlet.service() for servlet [dispatcherServlet] in context with path [] threw exception [Request processing failed; nested exception is freemarker.core._MiscTemplateException: Template inclusion failed (for parameter value "/layout/setting.ftl"):
Syntax error in template "layout/setting.ftl" in line 22, column 25:
Expecting </@> or </@shiro.user>

----
FTL stack trace ("~" means nesting-related):
	- Failed at: #include "/layout/setting.ftl"  [in template "include/macros.ftl" in macro "header" at line 61, column 9]
	- Reached through: @header  [in template "index.ftl" at line 2, column 1]
----] with root cause
freemarker.core.ParseException: Syntax error in template "layout/setting.ftl" in line 22, column 25:
Expecting </@> or </@shiro.user>
	at freemarker.core.FMParser.UnifiedMacroTransform(FMParser.java:3022)
	at freemarker.core.FMParser.FreemarkerDirective(FMParser.java:3664)
	at freemarker.core.FMParser.MixedContentElements(FMParser.java:4019)
	at freemarker.core.FMParser.Root(FMParser.java:4665)
	at freemarker.template.Template.<init>(Template.java:252)
	at freemarker.cache.TemplateCache.loadTemplate(TemplateCache.java:548)
	at freemarker.cache.TemplateCache.getTemplateInternal(TemplateCache.java:439)
	at freemarker.cache.TemplateCache.getTemplate(TemplateCache.java:292)
	at freemarker.template.Configuration.getTemplate(Configuration.java:2822)
	at freemarker.core.Environment.getTemplateForInclusion(Environment.java:2883)
	at freemarker.core.Include.accept(Include.java:162)
	at freemarker.core.Environment.visit(Environment.java:334)
	at freemarker.core.Environment.visit(Environment.java:376)
	at freemarker.core.Environment.invokeMacroOrFunctionCommonPart(Environment.java:876)
	at freemarker.core.Environment.invokeMacro(Environment.java:812)
	at freemarker.core.UnifiedCall.accept(UnifiedCall.java:84)
	at freemarker.core.Environment.visit(Environment.java:334)
	at freemarker.core.Environment.visit(Environment.java:340)
	at freemarker.core.Environment.process(Environment.java:313)
	at freemarker.template.Template.process(Template.java:383)
	at org.springframework.web.servlet.view.freemarker.FreeMarkerView.processTemplate(FreeMarkerView.java:391)
	at org.springframework.web.servlet.view.freemarker.FreeMarkerView.doRender(FreeMarkerView.java:304)
	at org.springframework.web.servlet.view.freemarker.FreeMarkerView.renderMergedTemplateModel(FreeMarkerView.java:255)
	at org.springframework.web.servlet.view.AbstractTemplateView.renderMergedOutputModel(AbstractTemplateView.java:179)
	at org.springframework.web.servlet.view.AbstractView.render(AbstractView.java:316)
	at org.springframework.web.servlet.DispatcherServlet.render(DispatcherServlet.java:1373)
	at org.springframework.web.servlet.DispatcherServlet.processDispatchResult(DispatcherServlet.java:1118)
	at org.springframework.web.servlet.DispatcherServlet.doDispatch(DispatcherServlet.java:1057)
	at org.springframework.web.servlet.DispatcherServlet.doService(DispatcherServlet.java:943)
	at org.springframework.web.servlet.FrameworkServlet.processRequest(FrameworkServlet.java:1006)
	at org.springframework.web.servlet.FrameworkServlet.doGet(FrameworkServlet.java:898)
	at javax.servlet.http.HttpServlet.service(HttpServlet.java:645)
	at org.springframework.web.servlet.FrameworkServlet.service(FrameworkServlet.java:883)
	at javax.servlet.http.HttpServlet.service(HttpServlet.java:750)
	at org.apache.catalina.core.ApplicationFilterChain.internalDoFilter(ApplicationFilterChain.java:231)
	at org.apache.catalina.core.ApplicationFilterChain.doFilter(ApplicationFilterChain.java:166)
	at org.apache.tomcat.websocket.server.WsFilter.doFilter(WsFilter.java:53)
	at org.apache.catalina.core.ApplicationFilterChain.internalDoFilter(ApplicationFilterChain.java:193)
	at org.apache.catalina.core.ApplicationFilterChain.doFilter(ApplicationFilterChain.java:166)
	at org.apache.shiro.web.servlet.ProxiedFilterChain.doFilter(ProxiedFilterChain.java:61)
	at org.apache.shiro.web.servlet.AdviceFilter.executeChain(AdviceFilter.java:108)
	at org.apache.shiro.web.servlet.AdviceFilter.doFilterInternal(AdviceFilter.java:137)
	at org.apache.shiro.web.servlet.OncePerRequestFilter.doFilter(OncePerRequestFilter.java:125)
	at org.apache.shiro.web.servlet.ProxiedFilterChain.doFilter(ProxiedFilterChain.java:66)
	at org.apache.shiro.web.servlet.AdviceFilter.executeChain(AdviceFilter.java:108)
	at org.apache.shiro.web.servlet.AdviceFilter.doFilterInternal(AdviceFilter.java:137)
	at org.apache.shiro.web.servlet.OncePerRequestFilter.doFilter(OncePerRequestFilter.java:125)
	at org.apache.shiro.web.servlet.ProxiedFilterChain.doFilter(ProxiedFilterChain.java:66)
	at org.apache.shiro.web.servlet.AbstractShiroFilter.executeChain(AbstractShiroFilter.java:450)
	at org.apache.shiro.web.servlet.AbstractShiroFilter$1.call(AbstractShiroFilter.java:365)
	at org.apache.shiro.subject.support.SubjectCallable.doCall(SubjectCallable.java:90)
	at org.apache.shiro.subject.support.SubjectCallable.call(SubjectCallable.java:83)
	at org.apache.shiro.subject.support.DelegatingSubject.execute(DelegatingSubject.java:387)
	at org.apache.shiro.web.servlet.AbstractShiroFilter.doFilterInternal(AbstractShiroFilter.java:362)
	at org.apache.shiro.web.servlet.OncePerRequestFilter.doFilter(OncePerRequestFilter.java:125)
	at org.apache.catalina.core.ApplicationFilterChain.internalDoFilter(ApplicationFilterChain.java:193)
	at org.apache.catalina.core.ApplicationFilterChain.doFilter(ApplicationFilterChain.java:166)
	at org.springframework.web.servlet.resource.ResourceUrlEncodingFilter.doFilter(ResourceUrlEncodingFilter.java:65)
	at org.apache.catalina.core.ApplicationFilterChain.internalDoFilter(ApplicationFilterChain.java:193)
	at org.apache.catalina.core.ApplicationFilterChain.doFilter(ApplicationFilterChain.java:166)
	at org.springframework.web.filter.RequestContextFilter.doFilterInternal(RequestContextFilter.java:100)
	at org.springframework.web.filter.OncePerRequestFilter.doFilter(OncePerRequestFilter.java:119)
	at org.apache.catalina.core.ApplicationFilterChain.internalDoFilter(ApplicationFilterChain.java:193)
	at org.apache.catalina.core.ApplicationFilterChain.doFilter(ApplicationFilterChain.java:166)
	at org.springframework.web.filter.FormContentFilter.doFilterInternal(FormContentFilter.java:93)
	at org.springframework.web.filter.OncePerRequestFilter.doFilter(OncePerRequestFilter.java:119)
	at org.apache.catalina.core.ApplicationFilterChain.internalDoFilter(ApplicationFilterChain.java:193)
	at org.apache.catalina.core.ApplicationFilterChain.doFilter(ApplicationFilterChain.java:166)
	at org.springframework.web.filter.CharacterEncodingFilter.doFilterInternal(CharacterEncodingFilter.java:201)
	at org.springframework.web.filter.OncePerRequestFilter.doFilter(OncePerRequestFilter.java:119)
	at org.apache.catalina.core.ApplicationFilterChain.internalDoFilter(ApplicationFilterChain.java:193)
	at org.apache.catalina.core.ApplicationFilterChain.doFilter(ApplicationFilterChain.java:166)
	at org.apache.catalina.core.StandardWrapperValve.invoke(StandardWrapperValve.java:202)
	at org.apache.catalina.core.StandardContextValve.invoke(StandardContextValve.java:97)
	at org.apache.catalina.authenticator.AuthenticatorBase.invoke(AuthenticatorBase.java:541)
	at org.apache.catalina.core.StandardHostValve.invoke(StandardHostValve.java:143)
	at org.apache.catalina.valves.ErrorReportValve.invoke(ErrorReportValve.java:92)
	at org.apache.catalina.core.StandardEngineValve.invoke(StandardEngineValve.java:78)
	at org.apache.catalina.valves.RemoteIpValve.invoke(RemoteIpValve.java:747)
	at org.apache.catalina.valves.RemoteIpValve.invoke(RemoteIpValve.java:747)
	at org.apache.catalina.connector.CoyoteAdapter.service(CoyoteAdapter.java:343)
	at org.apache.coyote.http11.Http11Processor.service(Http11Processor.java:374)
	at org.apache.coyote.AbstractProcessorLight.process(AbstractProcessorLight.java:65)
	at org.apache.coyote.AbstractProtocol$ConnectionHandler.process(AbstractProtocol.java:868)
	at org.apache.tomcat.util.net.NioEndpoint$SocketProcessor.doRun(NioEndpoint.java:1590)
	at org.apache.tomcat.util.net.SocketProcessorBase.run(SocketProcessorBase.java:49)
	at java.util.concurrent.ThreadPoolExecutor.runWorker(ThreadPoolExecutor.java:1149)
	at java.util.concurrent.ThreadPoolExecutor$Worker.run(ThreadPoolExecutor.java:624)
	at org.apache.tomcat.util.threads.TaskThread$WrappingRunnable.run(TaskThread.java:61)
	at java.lang.Thread.run(Thread.java:750)
2023-09-19 01:00:48 -Error executing FreeMarker template
freemarker.core._MiscTemplateException: Template inclusion failed (for parameter value "/layout/setting.ftl"):
Syntax error in template "layout/setting.ftl" in line 22, column 25:
Expecting </@> or </@shiro.user>

----
FTL stack trace ("~" means nesting-related):
	- Failed at: #include "/layout/setting.ftl"  [in template "include/macros.ftl" in macro "header" at line 61, column 9]
	- Reached through: @header  [in template "error/500.ftl" at line 2, column 1]
----
	at freemarker.core.Include.accept(Include.java:164)
	at freemarker.core.Environment.visit(Environment.java:334)
	at freemarker.core.Environment.visit(Environment.java:376)
	at freemarker.core.Environment.invokeMacroOrFunctionCommonPart(Environment.java:876)
	at freemarker.core.Environment.invokeMacro(Environment.java:812)
	at freemarker.core.UnifiedCall.accept(UnifiedCall.java:84)
	at freemarker.core.Environment.visit(Environment.java:334)
	at freemarker.core.Environment.visit(Environment.java:340)
	at freemarker.core.Environment.process(Environment.java:313)
	at freemarker.template.Template.process(Template.java:383)
	at org.springframework.web.servlet.view.freemarker.FreeMarkerView.processTemplate(FreeMarkerView.java:391)
	at org.springframework.web.servlet.view.freemarker.FreeMarkerView.doRender(FreeMarkerView.java:304)
	at org.springframework.web.servlet.view.freemarker.FreeMarkerView.renderMergedTemplateModel(FreeMarkerView.java:255)
	at org.springframework.web.servlet.view.AbstractTemplateView.renderMergedOutputModel(AbstractTemplateView.java:179)
	at org.springframework.web.servlet.view.AbstractView.render(AbstractView.java:316)
	at org.springframework.web.servlet.DispatcherServlet.render(DispatcherServlet.java:1373)
	at org.springframework.web.servlet.DispatcherServlet.processDispatchResult(DispatcherServlet.java:1118)
	at org.springframework.web.servlet.DispatcherServlet.doDispatch(DispatcherServlet.java:1057)
	at org.springframework.web.servlet.DispatcherServlet.doService(DispatcherServlet.java:943)
	at org.springframework.web.servlet.FrameworkServlet.processRequest(FrameworkServlet.java:1006)
	at org.springframework.web.servlet.FrameworkServlet.doGet(FrameworkServlet.java:898)
	at javax.servlet.http.HttpServlet.service(HttpServlet.java:645)
	at org.springframework.web.servlet.FrameworkServlet.service(FrameworkServlet.java:883)
	at javax.servlet.http.HttpServlet.service(HttpServlet.java:750)
	at org.apache.catalina.core.ApplicationFilterChain.internalDoFilter(ApplicationFilterChain.java:231)
	at org.apache.catalina.core.ApplicationFilterChain.doFilter(ApplicationFilterChain.java:166)
	at org.springframework.web.filter.RequestContextFilter.doFilterInternal(RequestContextFilter.java:100)
	at org.springframework.web.filter.OncePerRequestFilter.doFilter(OncePerRequestFilter.java:119)
	at org.apache.catalina.core.ApplicationFilterChain.internalDoFilter(ApplicationFilterChain.java:193)
	at org.apache.catalina.core.ApplicationFilterChain.doFilter(ApplicationFilterChain.java:166)
	at org.springframework.web.filter.OncePerRequestFilter.doFilter(OncePerRequestFilter.java:103)
	at org.apache.catalina.core.ApplicationFilterChain.internalDoFilter(ApplicationFilterChain.java:193)
	at org.apache.catalina.core.ApplicationFilterChain.doFilter(ApplicationFilterChain.java:166)
	at org.springframework.web.filter.OncePerRequestFilter.doFilter(OncePerRequestFilter.java:103)
	at org.apache.catalina.core.ApplicationFilterChain.internalDoFilter(ApplicationFilterChain.java:193)
	at org.apache.catalina.core.ApplicationFilterChain.doFilter(ApplicationFilterChain.java:166)
	at org.apache.catalina.core.ApplicationDispatcher.invoke(ApplicationDispatcher.java:712)
	at org.apache.catalina.core.ApplicationDispatcher.doInclude(ApplicationDispatcher.java:580)
	at org.apache.catalina.core.ApplicationDispatcher.include(ApplicationDispatcher.java:516)
	at org.apache.catalina.core.StandardHostValve.custom(StandardHostValve.java:392)
	at org.apache.catalina.core.StandardHostValve.throwable(StandardHostValve.java:335)
	at org.apache.catalina.core.StandardHostValve.invoke(StandardHostValve.java:177)
	at org.apache.catalina.valves.ErrorReportValve.invoke(ErrorReportValve.java:92)
	at org.apache.catalina.core.StandardEngineValve.invoke(StandardEngineValve.java:78)
	at org.apache.catalina.valves.RemoteIpValve.invoke(RemoteIpValve.java:747)
	at org.apache.catalina.valves.RemoteIpValve.invoke(RemoteIpValve.java:747)
	at org.apache.catalina.connector.CoyoteAdapter.service(CoyoteAdapter.java:343)
	at org.apache.coyote.http11.Http11Processor.service(Http11Processor.java:374)
	at org.apache.coyote.AbstractProcessorLight.process(AbstractProcessorLight.java:65)
	at org.apache.coyote.AbstractProtocol$ConnectionHandler.process(AbstractProtocol.java:868)
	at org.apache.tomcat.util.net.NioEndpoint$SocketProcessor.doRun(NioEndpoint.java:1590)
	at org.apache.tomcat.util.net.SocketProcessorBase.run(SocketProcessorBase.java:49)
	at java.util.concurrent.ThreadPoolExecutor.runWorker(ThreadPoolExecutor.java:1149)
	at java.util.concurrent.ThreadPoolExecutor$Worker.run(ThreadPoolExecutor.java:624)
	at org.apache.tomcat.util.threads.TaskThread$WrappingRunnable.run(TaskThread.java:61)
	at java.lang.Thread.run(Thread.java:750)
Caused by: freemarker.core.ParseException: Syntax error in template "layout/setting.ftl" in line 22, column 25:
Expecting </@> or </@shiro.user>
	at freemarker.core.FMParser.UnifiedMacroTransform(FMParser.java:3022)
	at freemarker.core.FMParser.FreemarkerDirective(FMParser.java:3664)
	at freemarker.core.FMParser.MixedContentElements(FMParser.java:4019)
	at freemarker.core.FMParser.Root(FMParser.java:4665)
	at freemarker.template.Template.<init>(Template.java:252)
	at freemarker.cache.TemplateCache.loadTemplate(TemplateCache.java:548)
	at freemarker.cache.TemplateCache.getTemplateInternal(TemplateCache.java:439)
	at freemarker.cache.TemplateCache.getTemplate(TemplateCache.java:292)
	at freemarker.template.Configuration.getTemplate(Configuration.java:2822)
	at freemarker.core.Environment.getTemplateForInclusion(Environment.java:2883)
	at freemarker.core.Include.accept(Include.java:162)
	... 55 common frames omitted
2023-09-19 01:00:48 -Servlet.service() for servlet [dispatcherServlet] threw exception
freemarker.core.ParseException: Syntax error in template "layout/setting.ftl" in line 22, column 25:
Expecting </@> or </@shiro.user>
	at freemarker.core.FMParser.UnifiedMacroTransform(FMParser.java:3022)
	at freemarker.core.FMParser.FreemarkerDirective(FMParser.java:3664)
	at freemarker.core.FMParser.MixedContentElements(FMParser.java:4019)
	at freemarker.core.FMParser.Root(FMParser.java:4665)
	at freemarker.template.Template.<init>(Template.java:252)
	at freemarker.cache.TemplateCache.loadTemplate(TemplateCache.java:548)
	at freemarker.cache.TemplateCache.getTemplateInternal(TemplateCache.java:439)
	at freemarker.cache.TemplateCache.getTemplate(TemplateCache.java:292)
	at freemarker.template.Configuration.getTemplate(Configuration.java:2822)
	at freemarker.core.Environment.getTemplateForInclusion(Environment.java:2883)
	at freemarker.core.Include.accept(Include.java:162)
	at freemarker.core.Environment.visit(Environment.java:334)
	at freemarker.core.Environment.visit(Environment.java:376)
	at freemarker.core.Environment.invokeMacroOrFunctionCommonPart(Environment.java:876)
	at freemarker.core.Environment.invokeMacro(Environment.java:812)
	at freemarker.core.UnifiedCall.accept(UnifiedCall.java:84)
	at freemarker.core.Environment.visit(Environment.java:334)
	at freemarker.core.Environment.visit(Environment.java:340)
	at freemarker.core.Environment.process(Environment.java:313)
	at freemarker.template.Template.process(Template.java:383)
	at org.springframework.web.servlet.view.freemarker.FreeMarkerView.processTemplate(FreeMarkerView.java:391)
	at org.springframework.web.servlet.view.freemarker.FreeMarkerView.doRender(FreeMarkerView.java:304)
	at org.springframework.web.servlet.view.freemarker.FreeMarkerView.renderMergedTemplateModel(FreeMarkerView.java:255)
	at org.springframework.web.servlet.view.AbstractTemplateView.renderMergedOutputModel(AbstractTemplateView.java:179)
	at org.springframework.web.servlet.view.AbstractView.render(AbstractView.java:316)
	at org.springframework.web.servlet.DispatcherServlet.render(DispatcherServlet.java:1373)
	at org.springframework.web.servlet.DispatcherServlet.processDispatchResult(DispatcherServlet.java:1118)
	at org.springframework.web.servlet.DispatcherServlet.doDispatch(DispatcherServlet.java:1057)
	at org.springframework.web.servlet.DispatcherServlet.doService(DispatcherServlet.java:943)
	at org.springframework.web.servlet.FrameworkServlet.processRequest(FrameworkServlet.java:1006)
	at org.springframework.web.servlet.FrameworkServlet.doGet(FrameworkServlet.java:898)
	at javax.servlet.http.HttpServlet.service(HttpServlet.java:645)
	at org.springframework.web.servlet.FrameworkServlet.service(FrameworkServlet.java:883)
	at javax.servlet.http.HttpServlet.service(HttpServlet.java:750)
	at org.apache.catalina.core.ApplicationFilterChain.internalDoFilter(ApplicationFilterChain.java:231)
	at org.apache.catalina.core.ApplicationFilterChain.doFilter(ApplicationFilterChain.java:166)
	at org.springframework.web.filter.RequestContextFilter.doFilterInternal(RequestContextFilter.java:100)
	at org.springframework.web.filter.OncePerRequestFilter.doFilter(OncePerRequestFilter.java:119)
	at org.apache.catalina.core.ApplicationFilterChain.internalDoFilter(ApplicationFilterChain.java:193)
	at org.apache.catalina.core.ApplicationFilterChain.doFilter(ApplicationFilterChain.java:166)
	at org.springframework.web.filter.OncePerRequestFilter.doFilter(OncePerRequestFilter.java:103)
	at org.apache.catalina.core.ApplicationFilterChain.internalDoFilter(ApplicationFilterChain.java:193)
	at org.apache.catalina.core.ApplicationFilterChain.doFilter(ApplicationFilterChain.java:166)
	at org.springframework.web.filter.OncePerRequestFilter.doFilter(OncePerRequestFilter.java:103)
	at org.apache.catalina.core.ApplicationFilterChain.internalDoFilter(ApplicationFilterChain.java:193)
	at org.apache.catalina.core.ApplicationFilterChain.doFilter(ApplicationFilterChain.java:166)
	at org.apache.catalina.core.ApplicationDispatcher.invoke(ApplicationDispatcher.java:712)
	at org.apache.catalina.core.ApplicationDispatcher.doInclude(ApplicationDispatcher.java:580)
	at org.apache.catalina.core.ApplicationDispatcher.include(ApplicationDispatcher.java:516)
	at org.apache.catalina.core.StandardHostValve.custom(StandardHostValve.java:392)
	at org.apache.catalina.core.StandardHostValve.throwable(StandardHostValve.java:335)
	at org.apache.catalina.core.StandardHostValve.invoke(StandardHostValve.java:177)
	at org.apache.catalina.valves.ErrorReportValve.invoke(ErrorReportValve.java:92)
	at org.apache.catalina.core.StandardEngineValve.invoke(StandardEngineValve.java:78)
	at org.apache.catalina.valves.RemoteIpValve.invoke(RemoteIpValve.java:747)
	at org.apache.catalina.valves.RemoteIpValve.invoke(RemoteIpValve.java:747)
	at org.apache.catalina.connector.CoyoteAdapter.service(CoyoteAdapter.java:343)
	at org.apache.coyote.http11.Http11Processor.service(Http11Processor.java:374)
	at org.apache.coyote.AbstractProcessorLight.process(AbstractProcessorLight.java:65)
	at org.apache.coyote.AbstractProtocol$ConnectionHandler.process(AbstractProtocol.java:868)
	at org.apache.tomcat.util.net.NioEndpoint$SocketProcessor.doRun(NioEndpoint.java:1590)
	at org.apache.tomcat.util.net.SocketProcessorBase.run(SocketProcessorBase.java:49)
	at java.util.concurrent.ThreadPoolExecutor.runWorker(ThreadPoolExecutor.java:1149)
	at java.util.concurrent.ThreadPoolExecutor$Worker.run(ThreadPoolExecutor.java:624)
	at org.apache.tomcat.util.threads.TaskThread$WrappingRunnable.run(TaskThread.java:61)
	at java.lang.Thread.run(Thread.java:750)
2023-09-19 01:00:48 -Exception Processing ErrorPage[exceptionType=java.lang.Throwable, location=/error/500]
org.springframework.web.util.NestedServletException: Request processing failed; nested exception is freemarker.core._MiscTemplateException: Template inclusion failed (for parameter value "/layout/setting.ftl"):
Syntax error in template "layout/setting.ftl" in line 22, column 25:
Expecting </@> or </@shiro.user>

----
FTL stack trace ("~" means nesting-related):
	- Failed at: #include "/layout/setting.ftl"  [in template "include/macros.ftl" in macro "header" at line 61, column 9]
	- Reached through: @header  [in template "error/500.ftl" at line 2, column 1]
----
	at org.springframework.web.servlet.FrameworkServlet.processRequest(FrameworkServlet.java:1014)
	at org.springframework.web.servlet.FrameworkServlet.doGet(FrameworkServlet.java:898)
	at javax.servlet.http.HttpServlet.service(HttpServlet.java:645)
	at org.springframework.web.servlet.FrameworkServlet.service(FrameworkServlet.java:883)
	at javax.servlet.http.HttpServlet.service(HttpServlet.java:750)
	at org.apache.catalina.core.ApplicationFilterChain.internalDoFilter(ApplicationFilterChain.java:231)
	at org.apache.catalina.core.ApplicationFilterChain.doFilter(ApplicationFilterChain.java:166)
	at org.springframework.web.filter.RequestContextFilter.doFilterInternal(RequestContextFilter.java:100)
	at org.springframework.web.filter.OncePerRequestFilter.doFilter(OncePerRequestFilter.java:119)
	at org.apache.catalina.core.ApplicationFilterChain.internalDoFilter(ApplicationFilterChain.java:193)
	at org.apache.catalina.core.ApplicationFilterChain.doFilter(ApplicationFilterChain.java:166)
	at org.springframework.web.filter.OncePerRequestFilter.doFilter(OncePerRequestFilter.java:103)
	at org.apache.catalina.core.ApplicationFilterChain.internalDoFilter(ApplicationFilterChain.java:193)
	at org.apache.catalina.core.ApplicationFilterChain.doFilter(ApplicationFilterChain.java:166)
	at org.springframework.web.filter.OncePerRequestFilter.doFilter(OncePerRequestFilter.java:103)
	at org.apache.catalina.core.ApplicationFilterChain.internalDoFilter(ApplicationFilterChain.java:193)
	at org.apache.catalina.core.ApplicationFilterChain.doFilter(ApplicationFilterChain.java:166)
	at org.apache.catalina.core.ApplicationDispatcher.invoke(ApplicationDispatcher.java:712)
	at org.apache.catalina.core.ApplicationDispatcher.doInclude(ApplicationDispatcher.java:580)
	at org.apache.catalina.core.ApplicationDispatcher.include(ApplicationDispatcher.java:516)
	at org.apache.catalina.core.StandardHostValve.custom(StandardHostValve.java:392)
	at org.apache.catalina.core.StandardHostValve.throwable(StandardHostValve.java:335)
	at org.apache.catalina.core.StandardHostValve.invoke(StandardHostValve.java:177)
	at org.apache.catalina.valves.ErrorReportValve.invoke(ErrorReportValve.java:92)
	at org.apache.catalina.core.StandardEngineValve.invoke(StandardEngineValve.java:78)
	at org.apache.catalina.valves.RemoteIpValve.invoke(RemoteIpValve.java:747)
	at org.apache.catalina.valves.RemoteIpValve.invoke(RemoteIpValve.java:747)
	at org.apache.catalina.connector.CoyoteAdapter.service(CoyoteAdapter.java:343)
	at org.apache.coyote.http11.Http11Processor.service(Http11Processor.java:374)
	at org.apache.coyote.AbstractProcessorLight.process(AbstractProcessorLight.java:65)
	at org.apache.coyote.AbstractProtocol$ConnectionHandler.process(AbstractProtocol.java:868)
	at org.apache.tomcat.util.net.NioEndpoint$SocketProcessor.doRun(NioEndpoint.java:1590)
	at org.apache.tomcat.util.net.SocketProcessorBase.run(SocketProcessorBase.java:49)
	at java.util.concurrent.ThreadPoolExecutor.runWorker(ThreadPoolExecutor.java:1149)
	at java.util.concurrent.ThreadPoolExecutor$Worker.run(ThreadPoolExecutor.java:624)
	at org.apache.tomcat.util.threads.TaskThread$WrappingRunnable.run(TaskThread.java:61)
	at java.lang.Thread.run(Thread.java:750)
Caused by: freemarker.core._MiscTemplateException: Template inclusion failed (for parameter value "/layout/setting.ftl"):
Syntax error in template "layout/setting.ftl" in line 22, column 25:
Expecting </@> or </@shiro.user>

----
FTL stack trace ("~" means nesting-related):
	- Failed at: #include "/layout/setting.ftl"  [in template "include/macros.ftl" in macro "header" at line 61, column 9]
	- Reached through: @header  [in template "error/500.ftl" at line 2, column 1]
----
	at freemarker.core.Include.accept(Include.java:164)
	at freemarker.core.Environment.visit(Environment.java:334)
	at freemarker.core.Environment.visit(Environment.java:376)
	at freemarker.core.Environment.invokeMacroOrFunctionCommonPart(Environment.java:876)
	at freemarker.core.Environment.invokeMacro(Environment.java:812)
	at freemarker.core.UnifiedCall.accept(UnifiedCall.java:84)
	at freemarker.core.Environment.visit(Environment.java:334)
	at freemarker.core.Environment.visit(Environment.java:340)
	at freemarker.core.Environment.process(Environment.java:313)
	at freemarker.template.Template.process(Template.java:383)
	at org.springframework.web.servlet.view.freemarker.FreeMarkerView.processTemplate(FreeMarkerView.java:391)
	at org.springframework.web.servlet.view.freemarker.FreeMarkerView.doRender(FreeMarkerView.java:304)
	at org.springframework.web.servlet.view.freemarker.FreeMarkerView.renderMergedTemplateModel(FreeMarkerView.java:255)
	at org.springframework.web.servlet.view.AbstractTemplateView.renderMergedOutputModel(AbstractTemplateView.java:179)
	at org.springframework.web.servlet.view.AbstractView.render(AbstractView.java:316)
	at org.springframework.web.servlet.DispatcherServlet.render(DispatcherServlet.java:1373)
	at org.springframework.web.servlet.DispatcherServlet.processDispatchResult(DispatcherServlet.java:1118)
	at org.springframework.web.servlet.DispatcherServlet.doDispatch(DispatcherServlet.java:1057)
	at org.springframework.web.servlet.DispatcherServlet.doService(DispatcherServlet.java:943)
	at org.springframework.web.servlet.FrameworkServlet.processRequest(FrameworkServlet.java:1006)
	... 36 common frames omitted
Caused by: freemarker.core.ParseException: Syntax error in template "layout/setting.ftl" in line 22, column 25:
Expecting </@> or </@shiro.user>
	at freemarker.core.FMParser.UnifiedMacroTransform(FMParser.java:3022)
	at freemarker.core.FMParser.FreemarkerDirective(FMParser.java:3664)
	at freemarker.core.FMParser.MixedContentElements(FMParser.java:4019)
	at freemarker.core.FMParser.Root(FMParser.java:4665)
	at freemarker.template.Template.<init>(Template.java:252)
	at freemarker.cache.TemplateCache.loadTemplate(TemplateCache.java:548)
	at freemarker.cache.TemplateCache.getTemplateInternal(TemplateCache.java:439)
	at freemarker.cache.TemplateCache.getTemplate(TemplateCache.java:292)
	at freemarker.template.Configuration.getTemplate(Configuration.java:2822)
	at freemarker.core.Environment.getTemplateForInclusion(Environment.java:2883)
	at freemarker.core.Include.accept(Include.java:162)
	... 55 common frames omitted
2023-09-19 01:02:25 -current oneblog version：v2.3.4
2023-09-19 01:02:31 -博客部署完成，博客访问地址：http://localhost:8000
2023-09-19 08:26:14 -Exception encountered during context initialization - cancelling refresh attempt: org.springframework.beans.factory.UnsatisfiedDependencyException: Error creating bean with name 'shiroConfig': Unsatisfied dependency expressed through field 'shiroService'; nested exception is org.springframework.beans.factory.UnsatisfiedDependencyException: Error creating bean with name 'shiroServiceImpl': Unsatisfied dependency expressed through field 'resourcesService'; nested exception is org.springframework.beans.factory.UnsatisfiedDependencyException: Error creating bean with name 'sysResourcesServiceImpl': Unsatisfied dependency expressed through field 'resourceMapper'; nested exception is org.springframework.beans.factory.UnsatisfiedDependencyException: Error creating bean with name 'sysResourceMapper' defined in file [D:\IdeaWorkspace\EE\DBlog-master\blog-core\target\classes\com\zyd\blog\persistence\mapper\SysResourceMapper.class]: Unsatisfied dependency expressed through bean property 'sqlSessionFactory'; nested exception is org.springframework.beans.factory.UnsatisfiedDependencyException: Error creating bean with name 'sqlSessionFactory' defined in class path resource [tk/mybatis/mapper/autoconfigure/MapperAutoConfiguration.class]: Unsatisfied dependency expressed through method 'sqlSessionFactory' parameter 0; nested exception is org.springframework.beans.factory.BeanCreationException: Error creating bean with name 'dataSource' defined in class path resource [com/alibaba/druid/spring/boot/autoconfigure/DruidDataSourceAutoConfigure.class]: Invocation of init method failed; nested exception is org.springframework.boot.autoconfigure.jdbc.DataSourceProperties$DataSourceBeanCreationException: Failed to determine a suitable driver class
2023-09-19 08:26:14 -

***************************
APPLICATION FAILED TO START
***************************

Description:

Failed to configure a DataSource: 'url' attribute is not specified and no embedded datasource could be configured.

Reason: Failed to determine a suitable driver class


Action:

Consider the following:
	If you want an embedded database (H2, HSQL or Derby), please put it on the classpath.
	If you have database settings to be loaded from a particular profile you may need to activate it (no profiles are currently active).

2023-09-19 08:33:13 -current oneblog version：v2.3.4
2023-09-19 08:33:15 -博客部署完成，博客访问地址：http://localhost:8000
2023-09-19 08:44:05 -Skipping MapperFactoryBean with name 'bizArticleMapper' and 'com.zyd.blog.persistence.mapper.BizArticleMapper' mapperInterface. Bean already defined with the same name!
2023-09-19 08:44:05 -No MyBatis mapper was found in '[com.zyd.blog]' package. Please check your configuration.
2023-09-19 08:44:06 -current oneblog version：null
2023-09-19 08:44:06 -Exception encountered during context initialization - cancelling refresh attempt: org.springframework.beans.factory.UnsatisfiedDependencyException: Error creating bean with name 'OAuthController': Unsatisfied dependency expressed through field 'sysSocialConfigService'; nested exception is org.springframework.beans.factory.UnsatisfiedDependencyException: Error creating bean with name 'sysSocialConfigServiceImpl': Unsatisfied dependency expressed through field 'sysSocialConfigMapper'; nested exception is org.springframework.beans.factory.UnsatisfiedDependencyException: Error creating bean with name 'sysSocialConfigMapper' defined in file [D:\IdeaWorkspace\EE\DBlog-master\blog-core\target\classes\com\zyd\blog\persistence\mapper\SysSocialConfigMapper.class]: Unsatisfied dependency expressed through bean property 'sqlSessionFactory'; nested exception is org.springframework.beans.factory.UnsatisfiedDependencyException: Error creating bean with name 'sqlSessionFactory' defined in class path resource [tk/mybatis/mapper/autoconfigure/MapperAutoConfiguration.class]: Unsatisfied dependency expressed through method 'sqlSessionFactory' parameter 0; nested exception is org.springframework.beans.factory.BeanCreationException: Error creating bean with name 'dataSource' defined in class path resource [com/alibaba/druid/spring/boot/autoconfigure/DruidDataSourceAutoConfigure.class]: Invocation of init method failed; nested exception is org.springframework.boot.autoconfigure.jdbc.DataSourceProperties$DataSourceBeanCreationException: Failed to determine a suitable driver class
2023-09-19 08:44:06 -

***************************
APPLICATION FAILED TO START
***************************

Description:

Failed to configure a DataSource: 'url' attribute is not specified and no embedded datasource could be configured.

Reason: Failed to determine a suitable driver class


Action:

Consider the following:
	If you want an embedded database (H2, HSQL or Derby), please put it on the classpath.
	If you have database settings to be loaded from a particular profile you may need to activate it (no profiles are currently active).

2023-09-19 08:45:54 -Skipping MapperFactoryBean with name 'bizArticleMapper' and 'com.zyd.blog.persistence.mapper.BizArticleMapper' mapperInterface. Bean already defined with the same name!
2023-09-19 08:45:54 -No MyBatis mapper was found in '[com.zyd.blog]' package. Please check your configuration.
2023-09-19 08:45:54 -current oneblog version：v2.3.4
2023-09-19 08:45:57 -博客部署完成，博客访问地址：http://localhost:9000
2023-09-19 09:00:19 -Skipping MapperFactoryBean with name 'bizArticleMapper' and 'com.zyd.blog.persistence.mapper.BizArticleMapper' mapperInterface. Bean already defined with the same name!
2023-09-19 09:00:19 -No MyBatis mapper was found in '[com.zyd.blog]' package. Please check your configuration.
2023-09-19 09:00:20 -current onepiece version：v2.3.4
2023-09-19 09:00:23 -博客部署完成，博客访问地址：http://localhost:9000
2023-09-19 09:12:12 -Skipping MapperFactoryBean with name 'bizArticleMapper' and 'com.zyd.blog.persistence.mapper.BizArticleMapper' mapperInterface. Bean already defined with the same name!
2023-09-19 09:12:12 -No MyBatis mapper was found in '[com.zyd.blog]' package. Please check your configuration.
2023-09-19 09:12:13 -current onepiece version：v2.3.4
2023-09-19 09:12:15 -博客部署完成，博客访问地址：http://localhost:9000
2023-09-19 09:21:48 -Skipping MapperFactoryBean with name 'bizArticleMapper' and 'com.zyd.blog.persistence.mapper.BizArticleMapper' mapperInterface. Bean already defined with the same name!
2023-09-19 09:21:48 -No MyBatis mapper was found in '[com.zyd.blog]' package. Please check your configuration.
2023-09-19 09:21:49 -current onepiece version：v2.3.4
2023-09-19 09:21:52 -博客部署完成，博客访问地址：http://localhost:9000
2023-09-19 09:28:06 -Skipping MapperFactoryBean with name 'bizArticleMapper' and 'com.zyd.blog.persistence.mapper.BizArticleMapper' mapperInterface. Bean already defined with the same name!
2023-09-19 09:28:06 -No MyBatis mapper was found in '[com.zyd.blog]' package. Please check your configuration.
2023-09-19 09:28:07 -current onepiece version：null
2023-09-19 09:28:07 -Exception encountered during context initialization - cancelling refresh attempt: org.springframework.beans.factory.UnsatisfiedDependencyException: Error creating bean with name 'OAuthController': Unsatisfied dependency expressed through field 'sysSocialConfigService'; nested exception is org.springframework.beans.factory.UnsatisfiedDependencyException: Error creating bean with name 'sysSocialConfigServiceImpl': Unsatisfied dependency expressed through field 'sysSocialConfigMapper'; nested exception is org.springframework.beans.factory.UnsatisfiedDependencyException: Error creating bean with name 'sysSocialConfigMapper' defined in file [D:\IdeaWorkspace\EE\DBlog-master\blog-core\target\classes\com\zyd\blog\persistence\mapper\SysSocialConfigMapper.class]: Unsatisfied dependency expressed through bean property 'sqlSessionFactory'; nested exception is org.springframework.beans.factory.UnsatisfiedDependencyException: Error creating bean with name 'sqlSessionFactory' defined in class path resource [tk/mybatis/mapper/autoconfigure/MapperAutoConfiguration.class]: Unsatisfied dependency expressed through method 'sqlSessionFactory' parameter 0; nested exception is org.springframework.beans.factory.BeanCreationException: Error creating bean with name 'dataSource' defined in class path resource [com/alibaba/druid/spring/boot/autoconfigure/DruidDataSourceAutoConfigure.class]: Invocation of init method failed; nested exception is org.springframework.boot.autoconfigure.jdbc.DataSourceProperties$DataSourceBeanCreationException: Failed to determine a suitable driver class
2023-09-19 09:28:07 -

***************************
APPLICATION FAILED TO START
***************************

Description:

Failed to configure a DataSource: 'url' attribute is not specified and no embedded datasource could be configured.

Reason: Failed to determine a suitable driver class


Action:

Consider the following:
	If you want an embedded database (H2, HSQL or Derby), please put it on the classpath.
	If you have database settings to be loaded from a particular profile you may need to activate it (no profiles are currently active).

2023-09-19 09:29:33 -Skipping MapperFactoryBean with name 'bizArticleMapper' and 'com.zyd.blog.persistence.mapper.BizArticleMapper' mapperInterface. Bean already defined with the same name!
2023-09-19 09:29:33 -No MyBatis mapper was found in '[com.zyd.blog]' package. Please check your configuration.
2023-09-19 09:29:34 -current onepiece version：v2.3.4
2023-09-19 09:29:37 -博客部署完成，博客访问地址：http://localhost:9000
2023-09-19 09:44:03 -Skipping MapperFactoryBean with name 'bizArticleMapper' and 'com.zyd.blog.persistence.mapper.BizArticleMapper' mapperInterface. Bean already defined with the same name!
2023-09-19 09:44:03 -No MyBatis mapper was found in '[com.zyd.blog]' package. Please check your configuration.
2023-09-19 09:44:04 -current onepiece version：v2.3.4
2023-09-19 09:44:07 -博客部署完成，博客访问地址：http://localhost:9000
2023-09-19 09:52:07 -Skipping MapperFactoryBean with name 'bizArticleMapper' and 'com.zyd.blog.persistence.mapper.BizArticleMapper' mapperInterface. Bean already defined with the same name!
2023-09-19 09:52:07 -No MyBatis mapper was found in '[com.zyd.blog]' package. Please check your configuration.
2023-09-19 09:52:08 -current onepiece version：v2.3.4
2023-09-19 09:52:11 -博客部署完成，博客访问地址：http://localhost:9000
2023-09-19 09:53:04 -current onepiece version：v2.3.4
2023-09-19 09:53:06 -博客部署完成，博客访问地址：http://localhost:8000
2023-09-19 10:14:28 -Skipping MapperFactoryBean with name 'bizArticleMapper' and 'com.zyd.blog.persistence.mapper.BizArticleMapper' mapperInterface. Bean already defined with the same name!
2023-09-19 10:14:28 -No MyBatis mapper was found in '[com.zyd.blog]' package. Please check your configuration.
2023-09-19 10:14:29 -current onepiece version：v2.3.4
2023-09-19 10:14:32 -博客部署完成，博客访问地址：http://localhost:9000
2023-09-19 10:26:15 -Skipping MapperFactoryBean with name 'bizArticleMapper' and 'com.zyd.blog.persistence.mapper.BizArticleMapper' mapperInterface. Bean already defined with the same name!
2023-09-19 10:26:15 -No MyBatis mapper was found in '[com.zyd.blog]' package. Please check your configuration.
2023-09-19 10:26:16 -current onepiece version：v2.3.4
2023-09-19 10:26:19 -博客部署完成，博客访问地址：http://localhost:9000
2023-09-19 10:32:09 -Skipping MapperFactoryBean with name 'bizArticleMapper' and 'com.zyd.blog.persistence.mapper.BizArticleMapper' mapperInterface. Bean already defined with the same name!
2023-09-19 10:32:09 -No MyBatis mapper was found in '[com.zyd.blog]' package. Please check your configuration.
2023-09-19 10:32:09 -current onepiece version：v2.3.4
2023-09-19 10:32:12 -博客部署完成，博客访问地址：http://localhost:9000
2023-09-19 10:32:26 -current onepiece version：v2.3.4
2023-09-19 10:32:30 -博客部署完成，博客访问地址：http://localhost:8000
2023-09-19 10:39:11 -Skipping MapperFactoryBean with name 'bizArticleMapper' and 'com.zyd.blog.persistence.mapper.BizArticleMapper' mapperInterface. Bean already defined with the same name!
2023-09-19 10:39:11 -No MyBatis mapper was found in '[com.zyd.blog]' package. Please check your configuration.
2023-09-19 10:39:12 -current onepiece version：v2.3.4
2023-09-19 10:39:15 -博客部署完成，博客访问地址：http://localhost:9000
2023-09-19 10:46:16 -获取地址失败
java.lang.NullPointerException: null
	at com.zyd.blog.business.service.impl.BizCommentServiceImpl.setCurrentLocation(BizCommentServiceImpl.java:287)
	at com.zyd.blog.business.service.impl.BizCommentServiceImpl.comment(BizCommentServiceImpl.java:188)
	at com.zyd.blog.business.service.impl.BizCommentServiceImpl.commentForAdmin(BizCommentServiceImpl.java:137)
	at com.zyd.blog.business.service.impl.BizCommentServiceImpl$$FastClassBySpringCGLIB$$6290b72c.invoke(<generated>)
	at org.springframework.cglib.proxy.MethodProxy.invoke(MethodProxy.java:218)
	at org.springframework.aop.framework.CglibAopProxy$CglibMethodInvocation.invokeJoinpoint(CglibAopProxy.java:771)
	at org.springframework.aop.framework.ReflectiveMethodInvocation.proceed(ReflectiveMethodInvocation.java:163)
	at org.springframework.aop.framework.CglibAopProxy$CglibMethodInvocation.proceed(CglibAopProxy.java:749)
	at org.springframework.aop.aspectj.MethodInvocationProceedingJoinPoint.proceed(MethodInvocationProceedingJoinPoint.java:88)
	at com.zyd.blog.business.aspect.RedisCacheAspect.handle(RedisCacheAspect.java:45)
	at sun.reflect.NativeMethodAccessorImpl.invoke0(Native Method)
	at sun.reflect.NativeMethodAccessorImpl.invoke(NativeMethodAccessorImpl.java:62)
	at sun.reflect.DelegatingMethodAccessorImpl.invoke(DelegatingMethodAccessorImpl.java:43)
	at java.lang.reflect.Method.invoke(Method.java:498)
	at org.springframework.aop.aspectj.AbstractAspectJAdvice.invokeAdviceMethodWithGivenArgs(AbstractAspectJAdvice.java:644)
	at org.springframework.aop.aspectj.AbstractAspectJAdvice.invokeAdviceMethod(AbstractAspectJAdvice.java:633)
	at org.springframework.aop.aspectj.AspectJAroundAdvice.invoke(AspectJAroundAdvice.java:70)
	at org.springframework.aop.framework.ReflectiveMethodInvocation.proceed(ReflectiveMethodInvocation.java:175)
	at org.springframework.aop.framework.CglibAopProxy$CglibMethodInvocation.proceed(CglibAopProxy.java:749)
	at org.springframework.aop.interceptor.ExposeInvocationInterceptor.invoke(ExposeInvocationInterceptor.java:95)
	at org.springframework.aop.framework.ReflectiveMethodInvocation.proceed(ReflectiveMethodInvocation.java:186)
	at org.springframework.aop.framework.CglibAopProxy$CglibMethodInvocation.proceed(CglibAopProxy.java:749)
	at org.springframework.aop.framework.CglibAopProxy$DynamicAdvisedInterceptor.intercept(CglibAopProxy.java:691)
	at com.zyd.blog.business.service.impl.BizCommentServiceImpl$$EnhancerBySpringCGLIB$$5f898a5d.commentForAdmin(<generated>)
	at com.zyd.blog.business.service.impl.BizCommentServiceImpl$$FastClassBySpringCGLIB$$6290b72c.invoke(<generated>)
	at org.springframework.cglib.proxy.MethodProxy.invoke(MethodProxy.java:218)
	at org.springframework.aop.framework.CglibAopProxy$DynamicAdvisedInterceptor.intercept(CglibAopProxy.java:687)
	at com.zyd.blog.business.service.impl.BizCommentServiceImpl$$EnhancerBySpringCGLIB$$3a05b86c.commentForAdmin(<generated>)
	at com.zyd.blog.controller.RestCommentController.audit(RestCommentController.java:102)
	at com.zyd.blog.controller.RestCommentController$$FastClassBySpringCGLIB$$8c652b6b.invoke(<generated>)
	at org.springframework.cglib.proxy.MethodProxy.invoke(MethodProxy.java:218)
	at org.springframework.aop.framework.CglibAopProxy$CglibMethodInvocation.invokeJoinpoint(CglibAopProxy.java:771)
	at org.springframework.aop.framework.ReflectiveMethodInvocation.proceed(ReflectiveMethodInvocation.java:163)
	at org.springframework.aop.framework.CglibAopProxy$CglibMethodInvocation.proceed(CglibAopProxy.java:749)
	at org.springframework.aop.aspectj.MethodInvocationProceedingJoinPoint.proceed(MethodInvocationProceedingJoinPoint.java:88)
	at com.zyd.blog.business.aspect.BussinessLogAspect.writeLog(BussinessLogAspect.java:45)
	at sun.reflect.GeneratedMethodAccessor289.invoke(Unknown Source)
	at sun.reflect.DelegatingMethodAccessorImpl.invoke(DelegatingMethodAccessorImpl.java:43)
	at java.lang.reflect.Method.invoke(Method.java:498)
	at org.springframework.aop.aspectj.AbstractAspectJAdvice.invokeAdviceMethodWithGivenArgs(AbstractAspectJAdvice.java:644)
	at org.springframework.aop.aspectj.AbstractAspectJAdvice.invokeAdviceMethod(AbstractAspectJAdvice.java:633)
	at org.springframework.aop.aspectj.AspectJAroundAdvice.invoke(AspectJAroundAdvice.java:70)
	at org.springframework.aop.framework.ReflectiveMethodInvocation.proceed(ReflectiveMethodInvocation.java:175)
	at org.springframework.aop.framework.CglibAopProxy$CglibMethodInvocation.proceed(CglibAopProxy.java:749)
	at org.apache.shiro.spring.security.interceptor.AopAllianceAnnotationsAuthorizingMethodInterceptor$1.proceed(AopAllianceAnnotationsAuthorizingMethodInterceptor.java:82)
	at org.apache.shiro.authz.aop.AuthorizingMethodInterceptor.invoke(AuthorizingMethodInterceptor.java:39)
	at org.apache.shiro.spring.security.interceptor.AopAllianceAnnotationsAuthorizingMethodInterceptor.invoke(AopAllianceAnnotationsAuthorizingMethodInterceptor.java:115)
	at org.springframework.aop.framework.ReflectiveMethodInvocation.proceed(ReflectiveMethodInvocation.java:186)
	at org.springframework.aop.framework.CglibAopProxy$CglibMethodInvocation.proceed(CglibAopProxy.java:749)
	at org.springframework.aop.interceptor.ExposeInvocationInterceptor.invoke(ExposeInvocationInterceptor.java:95)
	at org.springframework.aop.framework.ReflectiveMethodInvocation.proceed(ReflectiveMethodInvocation.java:186)
	at org.springframework.aop.framework.CglibAopProxy$CglibMethodInvocation.proceed(CglibAopProxy.java:749)
	at org.springframework.aop.framework.CglibAopProxy$DynamicAdvisedInterceptor.intercept(CglibAopProxy.java:691)
	at com.zyd.blog.controller.RestCommentController$$EnhancerBySpringCGLIB$$44ba8425.audit(<generated>)
	at com.zyd.blog.controller.RestCommentController$$FastClassBySpringCGLIB$$8c652b6b.invoke(<generated>)
	at org.springframework.cglib.proxy.MethodProxy.invoke(MethodProxy.java:218)
	at org.springframework.aop.framework.CglibAopProxy$CglibMethodInvocation.invokeJoinpoint(CglibAopProxy.java:771)
	at org.springframework.aop.framework.ReflectiveMethodInvocation.proceed(ReflectiveMethodInvocation.java:163)
	at org.springframework.aop.framework.CglibAopProxy$CglibMethodInvocation.proceed(CglibAopProxy.java:749)
	at org.apache.shiro.spring.security.interceptor.AopAllianceAnnotationsAuthorizingMethodInterceptor$1.proceed(AopAllianceAnnotationsAuthorizingMethodInterceptor.java:82)
	at org.apache.shiro.authz.aop.AuthorizingMethodInterceptor.invoke(AuthorizingMethodInterceptor.java:39)
	at org.apache.shiro.spring.security.interceptor.AopAllianceAnnotationsAuthorizingMethodInterceptor.invoke(AopAllianceAnnotationsAuthorizingMethodInterceptor.java:115)
	at org.springframework.aop.framework.ReflectiveMethodInvocation.proceed(ReflectiveMethodInvocation.java:186)
	at org.springframework.aop.framework.CglibAopProxy$CglibMethodInvocation.proceed(CglibAopProxy.java:749)
	at org.springframework.aop.framework.CglibAopProxy$DynamicAdvisedInterceptor.intercept(CglibAopProxy.java:691)
	at com.zyd.blog.controller.RestCommentController$$EnhancerBySpringCGLIB$$e580c42a.audit(<generated>)
	at sun.reflect.NativeMethodAccessorImpl.invoke0(Native Method)
	at sun.reflect.NativeMethodAccessorImpl.invoke(NativeMethodAccessorImpl.java:62)
	at sun.reflect.DelegatingMethodAccessorImpl.invoke(DelegatingMethodAccessorImpl.java:43)
	at java.lang.reflect.Method.invoke(Method.java:498)
	at org.springframework.web.method.support.InvocableHandlerMethod.doInvoke(InvocableHandlerMethod.java:190)
	at org.springframework.web.method.support.InvocableHandlerMethod.invokeForRequest(InvocableHandlerMethod.java:138)
	at org.springframework.web.servlet.mvc.method.annotation.ServletInvocableHandlerMethod.invokeAndHandle(ServletInvocableHandlerMethod.java:105)
	at org.springframework.web.servlet.mvc.method.annotation.RequestMappingHandlerAdapter.invokeHandlerMethod(RequestMappingHandlerAdapter.java:878)
	at org.springframework.web.servlet.mvc.method.annotation.RequestMappingHandlerAdapter.handleInternal(RequestMappingHandlerAdapter.java:792)
	at org.springframework.web.servlet.mvc.method.AbstractHandlerMethodAdapter.handle(AbstractHandlerMethodAdapter.java:87)
	at org.springframework.web.servlet.DispatcherServlet.doDispatch(DispatcherServlet.java:1040)
	at org.springframework.web.servlet.DispatcherServlet.doService(DispatcherServlet.java:943)
	at org.springframework.web.servlet.FrameworkServlet.processRequest(FrameworkServlet.java:1006)
	at org.springframework.web.servlet.FrameworkServlet.doPost(FrameworkServlet.java:909)
	at javax.servlet.http.HttpServlet.service(HttpServlet.java:665)
	at org.springframework.web.servlet.FrameworkServlet.service(FrameworkServlet.java:883)
	at javax.servlet.http.HttpServlet.service(HttpServlet.java:750)
	at org.apache.catalina.core.ApplicationFilterChain.internalDoFilter(ApplicationFilterChain.java:231)
	at org.apache.catalina.core.ApplicationFilterChain.doFilter(ApplicationFilterChain.java:166)
	at org.apache.tomcat.websocket.server.WsFilter.doFilter(WsFilter.java:53)
	at org.apache.catalina.core.ApplicationFilterChain.internalDoFilter(ApplicationFilterChain.java:193)
	at org.apache.catalina.core.ApplicationFilterChain.doFilter(ApplicationFilterChain.java:166)
	at org.apache.shiro.web.servlet.ProxiedFilterChain.doFilter(ProxiedFilterChain.java:61)
	at org.apache.shiro.web.servlet.AdviceFilter.executeChain(AdviceFilter.java:108)
	at org.apache.shiro.web.servlet.AdviceFilter.doFilterInternal(AdviceFilter.java:137)
	at org.apache.shiro.web.servlet.OncePerRequestFilter.doFilter(OncePerRequestFilter.java:125)
	at org.apache.shiro.web.servlet.ProxiedFilterChain.doFilter(ProxiedFilterChain.java:66)
	at org.apache.shiro.web.servlet.AdviceFilter.executeChain(AdviceFilter.java:108)
	at org.apache.shiro.web.servlet.AdviceFilter.doFilterInternal(AdviceFilter.java:137)
	at org.apache.shiro.web.servlet.OncePerRequestFilter.doFilter(OncePerRequestFilter.java:125)
	at org.apache.shiro.web.servlet.ProxiedFilterChain.doFilter(ProxiedFilterChain.java:66)
	at org.apache.shiro.web.servlet.AbstractShiroFilter.executeChain(AbstractShiroFilter.java:450)
	at org.apache.shiro.web.servlet.AbstractShiroFilter$1.call(AbstractShiroFilter.java:365)
	at org.apache.shiro.subject.support.SubjectCallable.doCall(SubjectCallable.java:90)
	at org.apache.shiro.subject.support.SubjectCallable.call(SubjectCallable.java:83)
	at org.apache.shiro.subject.support.DelegatingSubject.execute(DelegatingSubject.java:387)
	at org.apache.shiro.web.servlet.AbstractShiroFilter.doFilterInternal(AbstractShiroFilter.java:362)
	at org.apache.shiro.web.servlet.OncePerRequestFilter.doFilter(OncePerRequestFilter.java:125)
	at org.apache.catalina.core.ApplicationFilterChain.internalDoFilter(ApplicationFilterChain.java:193)
	at org.apache.catalina.core.ApplicationFilterChain.doFilter(ApplicationFilterChain.java:166)
	at org.springframework.web.servlet.resource.ResourceUrlEncodingFilter.doFilter(ResourceUrlEncodingFilter.java:65)
	at org.apache.catalina.core.ApplicationFilterChain.internalDoFilter(ApplicationFilterChain.java:193)
	at org.apache.catalina.core.ApplicationFilterChain.doFilter(ApplicationFilterChain.java:166)
	at org.springframework.web.filter.RequestContextFilter.doFilterInternal(RequestContextFilter.java:100)
	at org.springframework.web.filter.OncePerRequestFilter.doFilter(OncePerRequestFilter.java:119)
	at org.apache.catalina.core.ApplicationFilterChain.internalDoFilter(ApplicationFilterChain.java:193)
	at org.apache.catalina.core.ApplicationFilterChain.doFilter(ApplicationFilterChain.java:166)
	at org.springframework.web.filter.FormContentFilter.doFilterInternal(FormContentFilter.java:93)
	at org.springframework.web.filter.OncePerRequestFilter.doFilter(OncePerRequestFilter.java:119)
	at org.apache.catalina.core.ApplicationFilterChain.internalDoFilter(ApplicationFilterChain.java:193)
	at org.apache.catalina.core.ApplicationFilterChain.doFilter(ApplicationFilterChain.java:166)
	at org.springframework.web.filter.CharacterEncodingFilter.doFilterInternal(CharacterEncodingFilter.java:201)
	at org.springframework.web.filter.OncePerRequestFilter.doFilter(OncePerRequestFilter.java:119)
	at org.apache.catalina.core.ApplicationFilterChain.internalDoFilter(ApplicationFilterChain.java:193)
	at org.apache.catalina.core.ApplicationFilterChain.doFilter(ApplicationFilterChain.java:166)
	at org.apache.catalina.core.StandardWrapperValve.invoke(StandardWrapperValve.java:202)
	at org.apache.catalina.core.StandardContextValve.invoke(StandardContextValve.java:97)
	at org.apache.catalina.authenticator.AuthenticatorBase.invoke(AuthenticatorBase.java:541)
	at org.apache.catalina.core.StandardHostValve.invoke(StandardHostValve.java:143)
	at org.apache.catalina.valves.ErrorReportValve.invoke(ErrorReportValve.java:92)
	at org.apache.catalina.core.StandardEngineValve.invoke(StandardEngineValve.java:78)
	at org.apache.catalina.valves.RemoteIpValve.invoke(RemoteIpValve.java:747)
	at org.apache.catalina.valves.RemoteIpValve.invoke(RemoteIpValve.java:747)
	at org.apache.catalina.connector.CoyoteAdapter.service(CoyoteAdapter.java:343)
	at org.apache.coyote.http11.Http11Processor.service(Http11Processor.java:374)
	at org.apache.coyote.AbstractProcessorLight.process(AbstractProcessorLight.java:65)
	at org.apache.coyote.AbstractProtocol$ConnectionHandler.process(AbstractProtocol.java:868)
	at org.apache.tomcat.util.net.NioEndpoint$SocketProcessor.doRun(NioEndpoint.java:1590)
	at org.apache.tomcat.util.net.SocketProcessorBase.run(SocketProcessorBase.java:49)
	at java.util.concurrent.ThreadPoolExecutor.runWorker(ThreadPoolExecutor.java:1149)
	at java.util.concurrent.ThreadPoolExecutor$Worker.run(ThreadPoolExecutor.java:624)
	at org.apache.tomcat.util.threads.TaskThread$WrappingRunnable.run(TaskThread.java:61)
	at java.lang.Thread.run(Thread.java:750)
2023-09-19 10:46:23 -Unexpected exception occurred invoking async method: public void com.zyd.blog.business.service.impl.MailServiceImpl.send(com.zyd.blog.business.entity.Comment,com.zyd.blog.business.enums.TemplateKeyEnum,boolean)
org.springframework.mail.MailSendException: Mail server connection failed; nested exception is javax.mail.MessagingException: Unknown SMTP host: x;
  nested exception is:
	java.net.UnknownHostException: x. Failed messages: javax.mail.MessagingException: Unknown SMTP host: x;
  nested exception is:
	java.net.UnknownHostException: x
	at org.springframework.mail.javamail.JavaMailSenderImpl.doSend(JavaMailSenderImpl.java:448)
	at org.springframework.mail.javamail.JavaMailSenderImpl.send(JavaMailSenderImpl.java:361)
	at org.springframework.mail.javamail.JavaMailSenderImpl.send(JavaMailSenderImpl.java:356)
	at com.zyd.blog.business.service.impl.MailServiceImpl.sendMessage(MailServiceImpl.java:191)
	at com.zyd.blog.business.service.impl.MailServiceImpl.send(MailServiceImpl.java:62)
	at com.zyd.blog.business.service.impl.MailServiceImpl.sendToAdmin(MailServiceImpl.java:169)
	at com.zyd.blog.business.service.impl.MailServiceImpl.send(MailServiceImpl.java:102)
	at sun.reflect.NativeMethodAccessorImpl.invoke0(Native Method)
	at sun.reflect.NativeMethodAccessorImpl.invoke(NativeMethodAccessorImpl.java:62)
	at sun.reflect.DelegatingMethodAccessorImpl.invoke(DelegatingMethodAccessorImpl.java:43)
	at java.lang.reflect.Method.invoke(Method.java:498)
	at org.springframework.aop.support.AopUtils.invokeJoinpointUsingReflection(AopUtils.java:344)
	at org.springframework.aop.framework.ReflectiveMethodInvocation.invokeJoinpoint(ReflectiveMethodInvocation.java:198)
	at org.springframework.aop.framework.ReflectiveMethodInvocation.proceed(ReflectiveMethodInvocation.java:163)
	at org.springframework.aop.interceptor.AsyncExecutionInterceptor.lambda$invoke$0(AsyncExecutionInterceptor.java:115)
	at org.springframework.scheduling.concurrent.ThreadPoolTaskScheduler$DelegatingErrorHandlingCallable.call(ThreadPoolTaskScheduler.java:399)
	at java.util.concurrent.FutureTask.run(FutureTask.java:266)
	at java.util.concurrent.ScheduledThreadPoolExecutor$ScheduledFutureTask.access$201(ScheduledThreadPoolExecutor.java:180)
	at java.util.concurrent.ScheduledThreadPoolExecutor$ScheduledFutureTask.run(ScheduledThreadPoolExecutor.java:293)
	at java.util.concurrent.ThreadPoolExecutor.runWorker(ThreadPoolExecutor.java:1149)
	at java.util.concurrent.ThreadPoolExecutor$Worker.run(ThreadPoolExecutor.java:624)
	at java.lang.Thread.run(Thread.java:750)
Caused by: javax.mail.MessagingException: Unknown SMTP host: x
	at com.sun.mail.smtp.SMTPTransport.openServer(SMTPTransport.java:1970)
	at com.sun.mail.smtp.SMTPTransport.protocolConnect(SMTPTransport.java:642)
	at javax.mail.Service.connect(Service.java:295)
	at org.springframework.mail.javamail.JavaMailSenderImpl.connectTransport(JavaMailSenderImpl.java:518)
	at org.springframework.mail.javamail.JavaMailSenderImpl.doSend(JavaMailSenderImpl.java:437)
	... 21 common frames omitted
Caused by: java.net.UnknownHostException: x
	at java.net.AbstractPlainSocketImpl.connect(AbstractPlainSocketImpl.java:196)
	at java.net.PlainSocketImpl.connect(PlainSocketImpl.java:162)
	at java.net.SocksSocketImpl.connect(SocksSocketImpl.java:394)
	at java.net.Socket.connect(Socket.java:606)
	at com.sun.mail.util.SocketFetcher.createSocket(SocketFetcher.java:317)
	at com.sun.mail.util.SocketFetcher.getSocket(SocketFetcher.java:233)
	at com.sun.mail.smtp.SMTPTransport.openServer(SMTPTransport.java:1938)
	... 25 common frames omitted
2023-09-19 11:07:58 -current onepiece version：v2.3.4
2023-09-19 11:08:00 -博客部署完成，博客访问地址：http://localhost:8000
2023-09-19 11:12:06 -current onepiece version：v2.3.4
2023-09-19 11:12:09 -博客部署完成，博客访问地址：http://localhost:8000
2023-09-19 11:17:44 -current onepiece version：v2.3.4
2023-09-19 11:17:46 -博客部署完成，博客访问地址：http://localhost:8000
2023-09-19 11:19:56 -Skipping MapperFactoryBean with name 'bizArticleMapper' and 'com.zyd.blog.persistence.mapper.BizArticleMapper' mapperInterface. Bean already defined with the same name!
2023-09-19 11:19:56 -No MyBatis mapper was found in '[com.zyd.blog]' package. Please check your configuration.
2023-09-19 11:19:57 -current onepiece version：v2.3.4
2023-09-19 11:20:00 -博客部署完成，博客访问地址：http://localhost:9000
2023-09-19 12:13:10 -current onepiece version：v2.3.4
2023-09-19 12:13:12 -博客部署完成，博客访问地址：http://localhost:8000
2023-09-19 12:41:40 -current onepiece version：v2.3.4
2023-09-19 12:41:42 -博客部署完成，博客访问地址：http://localhost:8000
2023-09-19 12:43:31 -Skipping MapperFactoryBean with name 'bizArticleMapper' and 'com.zyd.blog.persistence.mapper.BizArticleMapper' mapperInterface. Bean already defined with the same name!
2023-09-19 12:43:31 -No MyBatis mapper was found in '[com.zyd.blog]' package. Please check your configuration.
2023-09-19 12:43:31 -current onepiece version：v2.3.4
2023-09-19 12:43:33 -博客部署完成，博客访问地址：http://localhost:9000
2023-09-19 13:27:01 -current onepiece version：v2.3.4
2023-09-19 13:27:03 -博客部署完成，博客访问地址：http://localhost:8000
2023-09-19 13:39:21 -Skipping MapperFactoryBean with name 'bizArticleMapper' and 'com.zyd.blog.persistence.mapper.BizArticleMapper' mapperInterface. Bean already defined with the same name!
2023-09-19 13:39:21 -No MyBatis mapper was found in '[com.zyd.blog]' package. Please check your configuration.
2023-09-19 13:39:21 -current onepiece version：v2.3.4
2023-09-19 13:39:23 -博客部署完成，博客访问地址：http://localhost:9000
2023-09-19 13:39:32 -current onepiece version：v2.3.4
2023-09-19 13:39:34 -博客部署完成，博客访问地址：http://localhost:8000
2023-09-19 13:43:24 -current onepiece version：v2.3.4
2023-09-19 13:43:26 -博客部署完成，博客访问地址：http://localhost:8000
2023-09-19 13:49:05 -Skipping MapperFactoryBean with name 'bizArticleMapper' and 'com.zyd.blog.persistence.mapper.BizArticleMapper' mapperInterface. Bean already defined with the same name!
2023-09-19 13:49:05 -No MyBatis mapper was found in '[com.zyd.blog]' package. Please check your configuration.
2023-09-19 13:49:06 -current onepiece version：v2.3.4
2023-09-19 13:49:08 -博客部署完成，博客访问地址：http://localhost:9000
2023-09-19 13:49:18 -current onepiece version：v2.3.4
2023-09-19 13:49:20 -博客部署完成，博客访问地址：http://localhost:8000
2023-09-19 13:54:28 -current onepiece version：v2.3.4
2023-09-19 13:54:30 -博客部署完成，博客访问地址：http://localhost:8000
2023-09-19 13:57:57 -Skipping MapperFactoryBean with name 'bizArticleMapper' and 'com.zyd.blog.persistence.mapper.BizArticleMapper' mapperInterface. Bean already defined with the same name!
2023-09-19 13:57:57 -No MyBatis mapper was found in '[com.zyd.blog]' package. Please check your configuration.
2023-09-19 13:57:58 -current onepiece version：v2.3.4
2023-09-19 13:58:00 -博客部署完成，博客访问地址：http://localhost:9000
2023-09-19 14:02:15 -current onepiece version：v2.3.4
2023-09-19 14:02:17 -博客部署完成，博客访问地址：http://localhost:8000
2023-09-19 14:02:34 -Skipping MapperFactoryBean with name 'bizArticleMapper' and 'com.zyd.blog.persistence.mapper.BizArticleMapper' mapperInterface. Bean already defined with the same name!
2023-09-19 14:02:34 -No MyBatis mapper was found in '[com.zyd.blog]' package. Please check your configuration.
2023-09-19 14:02:35 -current onepiece version：v2.3.4
2023-09-19 14:02:37 -博客部署完成，博客访问地址：http://localhost:9000
